{"logTime": "1002/203617", "correlationVector":"BGIn8CWRZJUfk+tpItIs7d.1","action":"SyncServerConnectionManagerRequest", "result":"SYNC_SERVER_OK", "context":{"environment":"Prod_EastUS2_000e", "migrationStage":"NotStarted", "server":"GENERAL01000027"}}
{"logTime": "1002/203617", "correlationVector":"Vi9EpXVVc0n6O7eSURkNJE","action":"SyncServerConnectionManagerRequest", "result":"SYNC_SERVER_OK", "context":{"environment":"", "migrationStage":"", "server":""}}
{"logTime": "1002/203617", "correlationVector":"BGIn8CWRZJUfk+tpItIs7d","action":"Initial GetUpdates", "result":"", "context":Reason: NEW_CLIENT. cV=BGIn8CWRZJUfk+tpItIs7d}
{"logTime": "1002/203617", "correlationVector":"BGIn8CWRZJUfk+tpItIs7d.2","action":"GetUpdates Response", "result":"Success", "context":Received 1 update(s). cV=BGIn8CWRZJUfk+tpItIs7d.0;server=GENERAL01000027;cloudType=Consumer;environment=Prod_EastUS2_000e;migrationStage=NotStarted}
{"logTime": "1002/203617", "correlationVector":"A/KhrFbSLkPkwzTeTYWax4","action":"Initial GetUpdates", "result":"", "context":Reason: NEWLY_SUPPORTED_DATATYPE. cV=A/KhrFbSLkPkwzTeTYWax4}
{"logTime": "1002/203618", "correlationVector":"A/KhrFbSLkPkwzTeTYWax4.1","action":"SyncServerConnectionManagerRequest", "result":"SYNC_SERVER_OK", "context":{"environment":"Prod_EastUS2_000e", "migrationStage":"NotStarted", "server":"GENERAL0100002B"}}
{"logTime": "1002/203618", "correlationVector":"A/KhrFbSLkPkwzTeTYWax4.2","action":"GetUpdates", "result":"DeleteReceived", "context":{"id":"b26d3c1e-7b9c-43ee-a85b-8c41592cc305", "isDeleted:":"true", "version":"1697544156795"}}
{"logTime": "1002/203618", "correlationVector":"A/KhrFbSLkPkwzTeTYWax4.3","action":"GetUpdates", "result":"DeleteReceived", "context":{"id":"c0355c31-5f1e-4a53-8eba-72d2c937311d", "isDeleted:":"true", "version":"1701828672864"}}
{"logTime": "1002/203618", "correlationVector":"A/KhrFbSLkPkwzTeTYWax4.4","action":"GetUpdates Response", "result":"Success", "context":Received 250 update(s). cV=A/KhrFbSLkPkwzTeTYWax4.0;server=GENERAL0100002B;cloudType=Consumer;environment=Prod_EastUS2_000e;migrationStage=NotStarted Some updates remain.}
{"logTime": "1002/203618", "correlationVector":"DeF/9v0b0l1p5L6rbDIe5+","action":"Initial GetUpdates", "result":"", "context":Reason: NEWLY_SUPPORTED_DATATYPE. cV=DeF/9v0b0l1p5L6rbDIe5+}
{"logTime": "1002/203619", "correlationVector":"DeF/9v0b0l1p5L6rbDIe5+.1","action":"SyncServerConnectionManagerRequest", "result":"SYNC_SERVER_OK", "context":{"environment":"Prod_EastUS2_000e", "migrationStage":"NotStarted", "server":"GENERAL0100002W"}}
{"logTime": "1002/203619", "correlationVector":"DeF/9v0b0l1p5L6rbDIe5+.2","action":"GetUpdates Response", "result":"Success", "context":Received 125 update(s). cV=DeF/9v0b0l1p5L6rbDIe5+.0;server=GENERAL0100002W;cloudType=Consumer;environment=Prod_EastUS2_000e;migrationStage=NotStarted}
{"logTime": "1002/203619", "correlationVector":"SfzvlSG295ouJdSakj/Lj/","action":"Initial GetUpdates", "result":"", "context":Reason: NEWLY_SUPPORTED_DATATYPE. cV=SfzvlSG295ouJdSakj/Lj/}
{"logTime": "1002/203619", "correlationVector":"SfzvlSG295ouJdSakj/Lj/.1","action":"SyncServerConnectionManagerRequest", "result":"SYNC_SERVER_OK", "context":{"environment":"Prod_EastUS2_000e", "migrationStage":"NotStarted", "server":"GENERAL0100002B"}}
{"logTime": "1002/203619", "correlationVector":"SfzvlSG295ouJdSakj/Lj/.2","action":"GetUpdates Response", "result":"Success", "context":Received 112 update(s). cV=SfzvlSG295ouJdSakj/Lj/.0;server=GENERAL0100002B;cloudType=Consumer;environment=Prod_EastUS2_000e;migrationStage=NotStarted}
{"logTime": "1002/203619", "correlationVector":"g903MYpG1jTOsYiLO28zmR","action":"Initial GetUpdates", "result":"", "context":Reason: NEWLY_SUPPORTED_DATATYPE. cV=g903MYpG1jTOsYiLO28zmR}
{"logTime": "1002/203620", "correlationVector":"g903MYpG1jTOsYiLO28zmR.1","action":"SyncServerConnectionManagerRequest", "result":"SYNC_SERVER_OK", "context":{"environment":"Prod_EastUS2_000e", "migrationStage":"NotStarted", "server":"GENERAL0100000F"}}
{"logTime": "1002/203620", "correlationVector":"g903MYpG1jTOsYiLO28zmR.2","action":"GetUpdates Response", "result":"Success", "context":Received 34 update(s). cV=g903MYpG1jTOsYiLO28zmR.0;server=GENERAL0100000F;cloudType=Consumer;environment=Prod_EastUS2_000e;migrationStage=NotStarted}
{"logTime": "1002/203620", "correlationVector":"xr8CVllKwgVCo0Ltg5A66Y","action":"Normal GetUpdate request", "result":"", "context":cV=xr8CVllKwgVCo0Ltg5A66Y
Nudged types: Sessions, Device Info, User Consents
Refresh requested types: Bookmarks, Preferences, Passwords, Autofill Profiles, Autofill, Typed URLs, Extensions, Sessions, Extension settings, History Delete Directives, Device Info, User Consents, Send Tab To Self, Web Apps, Collection, Edge E Drop, Edge Hub App Usage, Edge Tab Group, Edge Wallet, Encryption Keys}
{"logTime": "1002/203621", "correlationVector":"xr8CVllKwgVCo0Ltg5A66Y.1","action":"SyncServerConnectionManagerRequest", "result":"SYNC_SERVER_OK", "context":{"environment":"Prod_EastUS2_000e", "migrationStage":"NotStarted", "server":"GENERAL01000010"}}
{"logTime": "1002/203621", "correlationVector":"xr8CVllKwgVCo0Ltg5A66Y.2","action":"GetUpdates Response", "result":"Success", "context":Received 0 update(s). cV=xr8CVllKwgVCo0Ltg5A66Y.0;server=GENERAL01000010;cloudType=Consumer;environment=Prod_EastUS2_000e;migrationStage=NotStarted}
{"logTime": "1002/203621", "correlationVector":"PKjjHUOu06DvSMIEyWak/5","action":"DoCompareDataConsistency requsted types: ", "result":"Bookmarks, Preferences, Passwords, Typed URLs, Extensions, Extension settings, History Delete Directives, Send Tab To Self, Web Apps, Collection, Edge E Drop, Edge Tab Group, Edge Wallet, Encryption Keys"}
{"logTime": "1002/203621", "correlationVector":"PKjjHUOu06DvSMIEyWak/5.0","action":"CompareDataConsistency result: ", "result":"Compare result: Encryption Keys is consistent. local entities count is: 1 local entities hash is: 6cjAYq/I5SJvij4ZR7lRArppLTs="}
{"logTime": "1002/203621", "correlationVector":"PKjjHUOu06DvSMIEyWak/5.1","action":"CompareDataConsistency result: ", "result":"Compare result: Bookmarks is consistent. local entities count is: 110 local entities hash is: FuwYtbk7ZhCwE+YV5VoLpLC1IRA="}
{"logTime": "1002/203621", "correlationVector":"PKjjHUOu06DvSMIEyWak/5.2","action":"CompareDataConsistency result: ", "result":"Compare result: Preferences is consistent. local entities count is: 78 local entities hash is: WPdJ178GAC0kG/Vfgim+VHhOjVo="}
{"logTime": "1002/203621", "correlationVector":"PKjjHUOu06DvSMIEyWak/5.3","action":"CompareDataConsistency result: ", "result":"Server did not send this Typed URLs local entities count is: 0 local entities hash is: "}
{"logTime": "1002/203621", "correlationVector":"PKjjHUOu06DvSMIEyWak/5.4","action":"CompareDataConsistency result: ", "result":"Compare result: Extensions is consistent. local entities count is: 8 local entities hash is: IoONnMAlYWqFEI+kfrUkLCGyw+M="}
{"logTime": "1002/203621", "correlationVector":"PKjjHUOu06DvSMIEyWak/5.5","action":"CompareDataConsistency result: ", "result":"Compare result: Extension settings is consistent. local entities count is: 16 local entities hash is: 51cr3QqBWOPGWa3pJvo8x4icnlE="}
{"logTime": "1002/203621", "correlationVector":"PKjjHUOu06DvSMIEyWak/5.6","action":"CompareDataConsistency result: ", "result":"Compare result: History Delete Directives is consistent. local entities count is: 0 local entities hash is: "}
{"logTime": "1002/203621", "correlationVector":"PKjjHUOu06DvSMIEyWak/5.7","action":"CompareDataConsistency result: ", "result":"Server did not send this Send Tab To Self local entities count is: 0 local entities hash is: "}
{"logTime": "1002/203621", "correlationVector":"PKjjHUOu06DvSMIEyWak/5.8","action":"CompareDataConsistency result: ", "result":"Compare result: Web Apps is consistent. local entities count is: 0 local entities hash is: "}
{"logTime": "1002/203621", "correlationVector":"PKjjHUOu06DvSMIEyWak/5.9","action":"CompareDataConsistency result: ", "result":"Compare result: Collection is consistent. local entities count is: 2 local entities hash is: DTNerKiF1S4Oc15VpAACKOEGI0A="}
{"logTime": "1002/203621", "correlationVector":"PKjjHUOu06DvSMIEyWak/5.10","action":"CompareDataConsistency result: ", "result":"Compare result: Edge E Drop is consistent. local entities count is: 0 local entities hash is: "}
{"logTime": "1002/203621", "correlationVector":"PKjjHUOu06DvSMIEyWak/5.11","action":"CompareDataConsistency result: ", "result":"Compare result: Edge Tab Group is consistent. local entities count is: 0 local entities hash is: "}
{"logTime": "1002/203621", "correlationVector":"PKjjHUOu06DvSMIEyWak/5.12","action":"CompareDataConsistency result: ", "result":"Compare result: Edge Wallet is consistent. local entities count is: 0 local entities hash is: "}
{"logTime": "1002/203621", "correlationVector":"PKjjHUOu06DvSMIEyWak/5.13","action":"CompareDataConsistency result: ", "result":"Compare result: Passwords is consistent. local entities count is: 288 local entities hash is: tfjQaAO9L64Q5zzJXpMzaF///+8="}
{"logTime": "1002/203621", "correlationVector":"7TFZXFQcR1+QDSmrFSTv1v","action":"Commit Request", "result":"", "context":Item count: 4
Contributing types: Sessions, Device Info, User Consents}
{"logTime": "1002/203622", "correlationVector":"7TFZXFQcR1+QDSmrFSTv1v.1","action":"SyncServerConnectionManagerRequest", "result":"SYNC_SERVER_OK", "context":{"environment":"Prod_EastUS2_000e", "migrationStage":"NotStarted", "server":"GENERAL0100001R"}}
{"logTime": "1002/203622", "correlationVector":"7TFZXFQcR1+QDSmrFSTv1v.2","action":"Commit Response", "result":"Success", "context":Result: Success. cV=7TFZXFQcR1+QDSmrFSTv1v.0;server=GENERAL0100001R;cloudType=Consumer;environment=Prod_EastUS2_000e;migrationStage=NotStarted}
{"logTime": "1002/203622", "correlationVector":"","action":"DIAGNOSTIC_REQUEST|v1/diagnosticData/Diagnostic.SendCheckResult()|SUCCESS", "result":""}
{"logTime": "1002/203622", "correlationVector":"xxjI5cFEK+6NMIeftqP7h4","action":"Normal GetUpdate request", "result":"", "context":cV=xxjI5cFEK+6NMIeftqP7h4
Nudged types: Sessions, Device Info}
{"logTime": "1002/203622", "correlationVector":"xxjI5cFEK+6NMIeftqP7h4.1","action":"SyncServerConnectionManagerRequest", "result":"SYNC_SERVER_OK", "context":{"environment":"Prod_EastUS2_000e", "migrationStage":"NotStarted", "server":"GENERAL0100000M"}}
{"logTime": "1002/203622", "correlationVector":"xxjI5cFEK+6NMIeftqP7h4.2","action":"GetUpdates Response", "result":"Success", "context":Received 3 update(s). cV=xxjI5cFEK+6NMIeftqP7h4.0;server=GENERAL0100000M;cloudType=Consumer;environment=Prod_EastUS2_000e;migrationStage=NotStarted}
{"logTime": "1002/203627", "correlationVector":"j8F/KUKnD9ZKe95b8m2KZb","action":"Commit Request", "result":"", "context":Item count: 2
Contributing types: Sessions, User Consents}
{"logTime": "1002/203627", "correlationVector":"j8F/KUKnD9ZKe95b8m2KZb.1","action":"SyncServerConnectionManagerRequest", "result":"SYNC_SERVER_OK", "context":{"environment":"Prod_EastUS2_000e", "migrationStage":"NotStarted", "server":"GENERAL0100000I"}}
{"logTime": "1002/203627", "correlationVector":"j8F/KUKnD9ZKe95b8m2KZb.2","action":"Commit Response", "result":"Success", "context":Result: Success. cV=j8F/KUKnD9ZKe95b8m2KZb.0;server=GENERAL0100000I;cloudType=Consumer;environment=Prod_EastUS2_000e;migrationStage=NotStarted}
{"logTime": "1002/203634", "correlationVector":"KMx5VFvp+24pB9H2d5oZgU","action":"Commit Request", "result":"", "context":Item count: 40
Contributing types: Passwords}
{"logTime": "1002/203636", "correlationVector":"KMx5VFvp+24pB9H2d5oZgU","action":"SyncServerConnectionManagerRequest", "result":"CONNECTION_UNAVAILABLE", "context":{"error_type":"net_error_code", "error_value":"-3"}}
